<?xml version="1.0" encoding="UTF-8"?>
<!-- Generated by org.testng.reporters.JUnitReportReporter -->
<testsuite hostname="DESKTOP-MG9BS1P" failures="0" tests="8" name="Academy.Homepage" time="62.255" errors="0" timestamp="2021-12-13T19:17:08 IST" skipped="0">
  <testcase classname="Academy.Homepage" name="LaunchURL" time="3.357"/>
  <system-out/>
  <testcase classname="Academy.Homepage" name="Logincredentials" time="5.532"/>
  <system-out/>
  <testcase classname="Academy.Homepage" name="productname" time="6.328"/>
  <system-out/>
  <testcase classname="Academy.Homepage" name="printallproductname" time="0.300"/>
  <system-out/>
  <testcase classname="Academy.Homepage" name="clickproductsusingwindowshandling" time="1.211"/>
  <system-out/>
  <testcase classname="Academy.Homepage" name="sendpincodeUsingfilerobotclass" time="42.559"/>
  <system-out/>
  <testcase classname="Academy.Homepage" name="clickaddtocartbtn" time="0.791"/>
  <system-out/>
  <testcase classname="Academy.Homepage" name="navigatetohomescreen" time="2.177"/>
  <system-out/>
</testsuite> <!-- Academy.Homepage -->
